-------------------------------------------------------------------------------
Test set: ec.cjpq.boot.ShipwreckControllerWebIntegrationTest
-------------------------------------------------------------------------------
Tests run: 1, Failures: 1, Errors: 0, Skipped: 0, Time elapsed: 31.211 sec <<< FAILURE! - in ec.cjpq.boot.ShipwreckControllerWebIntegrationTest
testListAll(ec.cjpq.boot.ShipwreckControllerWebIntegrationTest)  Time elapsed: 2.772 sec  <<< FAILURE!
java.lang.AssertionError: 
Expected: "[]"
     but: was "[{\"id\":1,\"name\":\"Test update\",\"description\":\"A test shipwreck\",\"condition\":\"GOOD\",\"depth\":85,\"latitude\":44.5,\"longitude\":120.5,\"yearDiscovered\":2017}]"
	at org.hamcrest.MatcherAssert.assertThat(MatcherAssert.java:20)
	at org.hamcrest.MatcherAssert.assertThat(MatcherAssert.java:8)
	at ec.cjpq.boot.ShipwreckControllerWebIntegrationTest.testListAll(ShipwreckControllerWebIntegrationTest.java:37)

